C:/Users/ndyakov/Desktop/datablocks/datablocks/Cell.cpp:7: warning: argument 'const' of command @param is not found in the argument list of Cell::Cell(const int v, Table *tbl, const int rowId, bool isEmpty=0)
C:/Users/ndyakov/Desktop/datablocks/datablocks/Cell.cpp:7: warning: argument 'Table' of command @param is not found in the argument list of Cell::Cell(const int v, Table *tbl, const int rowId, bool isEmpty=0)
C:/Users/ndyakov/Desktop/datablocks/datablocks/Cell.cpp:7: warning: argument 'const' of command @param is not found in the argument list of Cell::Cell(const int v, Table *tbl, const int rowId, bool isEmpty=0)
C:/Users/ndyakov/Desktop/datablocks/datablocks/Cell.cpp:7: warning: argument 'bool' of command @param is not found in the argument list of Cell::Cell(const int v, Table *tbl, const int rowId, bool isEmpty=0)
C:/Users/ndyakov/Desktop/datablocks/datablocks/Cell.cpp:7: warning: The following parameters of Cell::Cell(const int v, Table *tbl, const int rowId, bool isEmpty=0) are not documented:
  parameter 'v'
  parameter 'tbl'
  parameter 'rowId'
  parameter 'isEmpty'
C:/Users/ndyakov/Desktop/datablocks/datablocks/Cell.cpp:23: warning: argument 'const' of command @param is not found in the argument list of Cell::Cell(const double v, Table *tbl, const int rowId, bool isEmpty=0)
C:/Users/ndyakov/Desktop/datablocks/datablocks/Cell.cpp:23: warning: argument 'Table' of command @param is not found in the argument list of Cell::Cell(const double v, Table *tbl, const int rowId, bool isEmpty=0)
C:/Users/ndyakov/Desktop/datablocks/datablocks/Cell.cpp:23: warning: argument 'const' of command @param is not found in the argument list of Cell::Cell(const double v, Table *tbl, const int rowId, bool isEmpty=0)
C:/Users/ndyakov/Desktop/datablocks/datablocks/Cell.cpp:23: warning: argument 'bool' of command @param is not found in the argument list of Cell::Cell(const double v, Table *tbl, const int rowId, bool isEmpty=0)
C:/Users/ndyakov/Desktop/datablocks/datablocks/Cell.cpp:23: warning: The following parameters of Cell::Cell(const double v, Table *tbl, const int rowId, bool isEmpty=0) are not documented:
  parameter 'v'
  parameter 'tbl'
  parameter 'rowId'
  parameter 'isEmpty'
C:/Users/ndyakov/Desktop/datablocks/datablocks/Cell.cpp:40: warning: argument 'const' of command @param is not found in the argument list of Cell::Cell(const string v, Table *tbl, const int rowId, bool isEmpty=0)
C:/Users/ndyakov/Desktop/datablocks/datablocks/Cell.cpp:40: warning: argument 'Table' of command @param is not found in the argument list of Cell::Cell(const string v, Table *tbl, const int rowId, bool isEmpty=0)
C:/Users/ndyakov/Desktop/datablocks/datablocks/Cell.cpp:40: warning: argument 'const' of command @param is not found in the argument list of Cell::Cell(const string v, Table *tbl, const int rowId, bool isEmpty=0)
C:/Users/ndyakov/Desktop/datablocks/datablocks/Cell.cpp:40: warning: argument 'bool' of command @param is not found in the argument list of Cell::Cell(const string v, Table *tbl, const int rowId, bool isEmpty=0)
C:/Users/ndyakov/Desktop/datablocks/datablocks/Cell.cpp:40: warning: The following parameters of Cell::Cell(const string v, Table *tbl, const int rowId, bool isEmpty=0) are not documented:
  parameter 'v'
  parameter 'tbl'
  parameter 'rowId'
  parameter 'isEmpty'
C:/Users/ndyakov/Desktop/datablocks/datablocks/Cell.cpp:393: warning: argument 'bool' of command @param is not found in the argument list of Cell::IsEmpty(bool toggleEmpty=false)
C:/Users/ndyakov/Desktop/datablocks/datablocks/Cell.cpp:393: warning: The following parameters of Cell::IsEmpty(bool toggleEmpty=false) are not documented:
  parameter 'toggleEmpty'
C:/Users/ndyakov/Desktop/datablocks/datablocks/functions.cpp:292: warning: argument 'ostream' of command @param is not found in the argument list of Cell::operator<<(ostream &out, Cell &c)
C:/Users/ndyakov/Desktop/datablocks/datablocks/functions.cpp:292: warning: argument 'const' of command @param is not found in the argument list of Cell::operator<<(ostream &out, Cell &c)
C:/Users/ndyakov/Desktop/datablocks/datablocks/functions.cpp:292: warning: The following parameters of Cell::operator<<(ostream &out, Cell &c) are not documented:
  parameter 'out'
  parameter 'c'
C:/Users/ndyakov/Desktop/datablocks/datablocks/Expression.cpp:7: warning: argument 'const' of command @param is not found in the argument list of Expression::Expression(const string &exp)
C:/Users/ndyakov/Desktop/datablocks/datablocks/Expression.cpp:7: warning: The following parameters of Expression::Expression(const string &exp) are not documented:
  parameter 'exp'
C:/Users/ndyakov/Desktop/datablocks/datablocks/FormulaFactory.cpp:183: warning: argument 'const' of command @param is not found in the argument list of FormulaFactory::GetResult(const string &cell, const string &formula, Thread *my_thread)
C:/Users/ndyakov/Desktop/datablocks/datablocks/FormulaFactory.cpp:183: warning: argument 'const' of command @param is not found in the argument list of FormulaFactory::GetResult(const string &cell, const string &formula, Thread *my_thread)
C:/Users/ndyakov/Desktop/datablocks/datablocks/FormulaFactory.cpp:183: warning: argument 'Thread' of command @param is not found in the argument list of FormulaFactory::GetResult(const string &cell, const string &formula, Thread *my_thread)
C:/Users/ndyakov/Desktop/datablocks/datablocks/FormulaFactory.cpp:183: warning: The following parameters of FormulaFactory::GetResult(const string &cell, const string &formula, Thread *my_thread) are not documented:
  parameter 'cell'
  parameter 'formula'
  parameter 'my_thread'
C:/Users/ndyakov/Desktop/datablocks/datablocks/FormulaFactory.cpp:220: warning: argument 'const' of command @param is not found in the argument list of FormulaFactory::NewThread(const string &cell)
C:/Users/ndyakov/Desktop/datablocks/datablocks/FormulaFactory.cpp:220: warning: The following parameters of FormulaFactory::NewThread(const string &cell) are not documented:
  parameter 'cell'
C:/Users/ndyakov/Desktop/datablocks/datablocks/FormulaFactory.cpp:89: warning: argument 'const' of command @param is not found in the argument list of FormulaFactory::SearchCache(const string &cell) const
C:/Users/ndyakov/Desktop/datablocks/datablocks/FormulaFactory.cpp:89: warning: The following parameters of FormulaFactory::SearchCache(const string &cell) const are not documented:
  parameter 'cell'
C:/Users/ndyakov/Desktop/datablocks/datablocks/FormulaFactory.cpp:107: warning: argument 'const' of command @param is not found in the argument list of FormulaFactory::SearchThreads(const string &cell) const
C:/Users/ndyakov/Desktop/datablocks/datablocks/FormulaFactory.cpp:107: warning: The following parameters of FormulaFactory::SearchThreads(const string &cell) const are not documented:
  parameter 'cell'
C:/Users/ndyakov/Desktop/datablocks/datablocks/FormulaFactory.cpp:55: warning: argument 'const' of command @param is not found in the argument list of FormulaFactory::UpdateCache(const string &cell, const string &result)
C:/Users/ndyakov/Desktop/datablocks/datablocks/FormulaFactory.cpp:55: warning: argument 'const' of command @param is not found in the argument list of FormulaFactory::UpdateCache(const string &cell, const string &result)
C:/Users/ndyakov/Desktop/datablocks/datablocks/FormulaFactory.cpp:55: warning: The following parameters of FormulaFactory::UpdateCache(const string &cell, const string &result) are not documented:
  parameter 'cell'
  parameter 'result'
C:/Users/ndyakov/Desktop/datablocks/datablocks/List.h:33: warning: argument 'NT' of command @param is not found in the argument list of List< NT >::List(NT *f=NULL)
C:/Users/ndyakov/Desktop/datablocks/datablocks/List.h:33: warning: The following parameters of List::List(NT *f=NULL) are not documented:
  parameter 'f'
C:/Users/ndyakov/Desktop/datablocks/datablocks/List.h:263: warning: argument 'NT' of command @param is not found in the argument list of List< NT >::AddToHead(NT *temp)
C:/Users/ndyakov/Desktop/datablocks/datablocks/List.h:263: warning: The following parameters of List::AddToHead(NT *temp) are not documented:
  parameter 'temp'
C:/Users/ndyakov/Desktop/datablocks/datablocks/List.h:236: warning: argument 'NT' of command @param is not found in the argument list of List< NT >::AddToTail(NT *temp)
C:/Users/ndyakov/Desktop/datablocks/datablocks/List.h:236: warning: The following parameters of List::AddToTail(NT *temp) are not documented:
  parameter 'temp'
C:/Users/ndyakov/Desktop/datablocks/datablocks/List.h:85: warning: argument 'const' of command @param is not found in the argument list of List< NT >::FindNodeById(const int id) const
C:/Users/ndyakov/Desktop/datablocks/datablocks/List.h:85: warning: The following parameters of List::FindNodeById(const int id) const are not documented:
  parameter 'id'
C:/Users/ndyakov/Desktop/datablocks/datablocks/List.h:59: warning: argument 'NT' of command @param is not found in the argument list of List< NT >::SetFirst(NT *f)
C:/Users/ndyakov/Desktop/datablocks/datablocks/List.h:59: warning: The following parameters of List::SetFirst(NT *f) are not documented:
  parameter 'f'
C:/Users/ndyakov/Desktop/datablocks/datablocks/List.h:132: warning: argument 'NT' of command @param is not found in the argument list of List< NT >::SetLast(NT *last=NULL)
C:/Users/ndyakov/Desktop/datablocks/datablocks/List.h:132: warning: The following parameters of List::SetLast(NT *last=NULL) are not documented:
  parameter 'last'
C:/Users/ndyakov/Desktop/datablocks/datablocks/Node.h:21: warning: argument 'const' of command @param is not found in the argument list of Node< NT >::SetId(const int id)
C:/Users/ndyakov/Desktop/datablocks/datablocks/Node.h:21: warning: The following parameters of Node::SetId(const int id) are not documented:
  parameter 'id'
C:/Users/ndyakov/Desktop/datablocks/datablocks/Node.h:49: warning: argument 'NT' of command @param is not found in the argument list of Node< NT >::SetNext(NT *n)
C:/Users/ndyakov/Desktop/datablocks/datablocks/Node.h:49: warning: The following parameters of Node::SetNext(NT *n) are not documented:
  parameter 'n'
C:/Users/ndyakov/Desktop/datablocks/datablocks/functions.cpp:270: warning: argument 'ostream' of command @param is not found in the argument list of Row::operator<<(ostream &out, const Row &r)
C:/Users/ndyakov/Desktop/datablocks/datablocks/functions.cpp:270: warning: argument 'const' of command @param is not found in the argument list of Row::operator<<(ostream &out, const Row &r)
C:/Users/ndyakov/Desktop/datablocks/datablocks/functions.cpp:270: warning: The following parameters of Row::operator<<(ostream &out, const Row &r) are not documented:
  parameter 'out'
  parameter 'r'
C:/Users/ndyakov/Desktop/datablocks/datablocks/Table.cpp:234: warning: argument 'const' of command @param is not found in the argument list of Table::CountWidth(int const columId=0) const
C:/Users/ndyakov/Desktop/datablocks/datablocks/Table.cpp:234: warning: The following parameters of Table::CountWidth(int const columId=0) const are not documented:
  parameter 'columId'
C:/Users/ndyakov/Desktop/datablocks/datablocks/Table.cpp:250: warning: argument 'Row' of command @param is not found in the argument list of Table::CountWidthByRow(Row *temp_row, const int columId=0) const
C:/Users/ndyakov/Desktop/datablocks/datablocks/Table.cpp:250: warning: argument 'const' of command @param is not found in the argument list of Table::CountWidthByRow(Row *temp_row, const int columId=0) const
C:/Users/ndyakov/Desktop/datablocks/datablocks/Table.cpp:250: warning: The following parameters of Table::CountWidthByRow(Row *temp_row, const int columId=0) const are not documented:
  parameter 'temp_row'
  parameter 'columId'
C:/Users/ndyakov/Desktop/datablocks/datablocks/Table.cpp:155: warning: argument 'const' of command @param is not found in the argument list of Table::EditCell(const string &cell)
C:/Users/ndyakov/Desktop/datablocks/datablocks/Table.cpp:155: warning: The following parameters of Table::EditCell(const string &cell) are not documented:
  parameter 'cell'
C:/Users/ndyakov/Desktop/datablocks/datablocks/Table.cpp:127: warning: argument 'const' of command @param is not found in the argument list of Table::GetCell(const string &cell) const
C:/Users/ndyakov/Desktop/datablocks/datablocks/Table.cpp:127: warning: The following parameters of Table::GetCell(const string &cell) const are not documented:
  parameter 'cell'
C:/Users/ndyakov/Desktop/datablocks/datablocks/Table.cpp:86: warning: argument 'const' of command @param is not found in the argument list of Table::GetCellAsDouble(const string &cell) const
C:/Users/ndyakov/Desktop/datablocks/datablocks/Table.cpp:86: warning: The following parameters of Table::GetCellAsDouble(const string &cell) const are not documented:
  parameter 'cell'
C:/Users/ndyakov/Desktop/datablocks/datablocks/Table.cpp:103: warning: argument 'const' of command @param is not found in the argument list of Table::GetCellFormulaValue(const string &cell) const
C:/Users/ndyakov/Desktop/datablocks/datablocks/Table.cpp:103: warning: The following parameters of Table::GetCellFormulaValue(const string &cell) const are not documented:
  parameter 'cell'
C:/Users/ndyakov/Desktop/datablocks/datablocks/Table.cpp:32: warning: argument 'string' of command @param is not found in the argument list of Table::ReadCell(string &row, string &cell, const char separator, int &i)
C:/Users/ndyakov/Desktop/datablocks/datablocks/Table.cpp:32: warning: argument 'string' of command @param is not found in the argument list of Table::ReadCell(string &row, string &cell, const char separator, int &i)
C:/Users/ndyakov/Desktop/datablocks/datablocks/Table.cpp:32: warning: argument 'const' of command @param is not found in the argument list of Table::ReadCell(string &row, string &cell, const char separator, int &i)
C:/Users/ndyakov/Desktop/datablocks/datablocks/Table.cpp:32: warning: argument 'int' of command @param is not found in the argument list of Table::ReadCell(string &row, string &cell, const char separator, int &i)
C:/Users/ndyakov/Desktop/datablocks/datablocks/Table.cpp:32: warning: The following parameters of Table::ReadCell(string &row, string &cell, const char separator, int &i) are not documented:
  parameter 'row'
  parameter 'cell'
  parameter 'separator'
  parameter 'i'
C:/Users/ndyakov/Desktop/datablocks/datablocks/Table.cpp:21: warning: argument 'const' of command @param is not found in the argument list of Table::SetFilename(const string &v)
C:/Users/ndyakov/Desktop/datablocks/datablocks/Table.cpp:21: warning: The following parameters of Table::SetFilename(const string &v) are not documented:
  parameter 'v'
C:/Users/ndyakov/Desktop/datablocks/datablocks/functions.cpp:252: warning: argument 'ostream' of command @param is not found in the argument list of Table::operator<<(ostream &out, const Table &t)
C:/Users/ndyakov/Desktop/datablocks/datablocks/functions.cpp:252: warning: argument 'const' of command @param is not found in the argument list of Table::operator<<(ostream &out, const Table &t)
C:/Users/ndyakov/Desktop/datablocks/datablocks/functions.cpp:252: warning: The following parameters of Table::operator<<(ostream &out, const Table &t) are not documented:
  parameter 'out'
  parameter 't'
